\BOOKMARK [1][-]{section.1}{序論}{}% 1
\BOOKMARK [2][-]{subsection.1.1}{タイヤとサスペンション}{section.1}% 2
\BOOKMARK [2][-]{subsection.1.2}{Hardware-in-the-Loop Simulation\(HILS\)システム}{section.1}% 3
\BOOKMARK [2][-]{subsection.1.3}{研究目的}{section.1}% 4
\BOOKMARK [1][-]{section.2}{HILSシステムの構成}{}% 5
\BOOKMARK [2][-]{subsection.2.1}{タイヤ―サスペンションHILSシステム}{section.2}% 6
\BOOKMARK [2][-]{subsection.2.2}{ハードウェア}{section.2}% 7
\BOOKMARK [3][-]{subsubsection.2.2.1}{HILS試験機}{subsection.2.2}% 8
\BOOKMARK [3][-]{subsubsection.2.2.2}{アクチュエータ}{subsection.2.2}% 9
\BOOKMARK [3][-]{subsubsection.2.2.3}{モータドライバ}{subsection.2.2}% 10
\BOOKMARK [3][-]{subsubsection.2.2.4}{スライダクランク機構}{subsection.2.2}% 11
\BOOKMARK [3][-]{subsubsection.2.2.5}{計測機器}{subsection.2.2}% 12
\BOOKMARK [2][-]{subsection.2.3}{ソフトウェア部}{section.2}% 13
\BOOKMARK [3][-]{subsubsection.2.3.1}{dSPACEシステム}{subsection.2.3}% 14
\BOOKMARK [3][-]{subsubsection.2.3.2}{解析モデル}{subsection.2.3}% 15
\BOOKMARK [1][-]{section.3}{アクチュエータの制御手法}{}% 16
\BOOKMARK [2][-]{subsection.3.1}{相対変位を用いた制御手法}{section.3}% 17
\BOOKMARK [2][-]{subsection.3.2}{IDCSを用いた制御手法}{section.3}% 18
\BOOKMARK [1][-]{section.4}{制御手法によるHILSシステムの評価}{}% 19
\BOOKMARK [2][-]{subsection.4.1}{シミュレーションによる評価}{section.4}% 20
